<?xml version="1.0" encoding="UTF-8"?>
<testsuite xmlns:xsi="http://www.w3.org/2001/XMLSchema-instance" xsi:noNamespaceSchemaLocation="https://maven.apache.org/surefire/maven-surefire-plugin/xsd/surefire-test-report-3.0.xsd" version="3.0" name="ReportTest.TotalReportTest" time="0.019" tests="9" errors="0" skipped="0" failures="0">
  <properties>
[...]
</properties>
  <testcase name="testCalculateBestListerPerMonth" classname="ReportTest.TotalReportTest" time="0.004"/>
  <testcase name="testCalculateTotalEbayCount" classname="ReportTest.TotalReportTest" time="0.008"/>
  <testcase name="testCalculateAverageAmazonListingPrice" classname="ReportTest.TotalReportTest" time="0.004"/>
  <testcase name="testCalculateTotalAmazonListingPrice" classname="ReportTest.TotalReportTest" time="0.0"/>
  <testcase name="testCalculateTotalListingCount" classname="ReportTest.TotalReportTest" time="0.001"/>
  <testcase name="testCalculateTotalAmazonCount" classname="ReportTest.TotalReportTest" time="0.0"/>
  <testcase name="testCalculateAverageEbayListingPrice" classname="ReportTest.TotalReportTest" time="0.0"/>
  <testcase name="testCalculateBestLister" classname="ReportTest.TotalReportTest" time="0.001"/>
  <testcase name="testCalculateTotalEbayListingPrice" classname="ReportTest.TotalReportTest" time="0.0"/>
</testsuite>